<?xml version="1.0" encoding="UTF-8"?>
<testng-results ignored="0" total="1" passed="1" failed="0" skipped="0">
  <reporter-output>
  </reporter-output>
  <suite started-at="2025-02-20T17:43:25 EST" name="Default suite" finished-at="2025-02-20T17:43:31 EST" duration-ms="5773">
    <groups>
    </groups>
    <test started-at="2025-02-20T17:43:25 EST" name="Default test" finished-at="2025-02-20T17:43:31 EST" duration-ms="5773">
      <class name="testCases.TC2_AlertPopups">
        <test-method is-config="true" signature="Setup()[pri:0, instance:testCases.TC2_AlertPopups@60b4beb4]" started-at="2025-02-20T17:43:25 EST" name="Setup" finished-at="2025-02-20T17:43:30 EST" duration-ms="4645" status="PASS">
          <reporter-output>
          </reporter-output>
        </test-method> <!-- Setup -->
        <test-method signature="Alerts()[pri:0, instance:testCases.TC2_AlertPopups@60b4beb4]" started-at="2025-02-20T17:43:30 EST" name="Alerts" finished-at="2025-02-20T17:43:31 EST" duration-ms="755" status="PASS">
          <reporter-output>
          </reporter-output>
        </test-method> <!-- Alerts -->
        <test-method is-config="true" signature="Teardown()[pri:0, instance:testCases.TC2_AlertPopups@60b4beb4]" started-at="2025-02-20T17:43:31 EST" name="Teardown" finished-at="2025-02-20T17:43:31 EST" duration-ms="275" status="PASS">
          <reporter-output>
          </reporter-output>
        </test-method> <!-- Teardown -->
      </class> <!-- testCases.TC2_AlertPopups -->
    </test> <!-- Default test -->
  </suite> <!-- Default suite -->
</testng-results>
